[www.tronlandwolf.vip/index.html]
[backblue.gif]
[fade.gif]
[index.html]
[w.ladicdn.com_443/63b3d7bebcd4e8001229d39c/6689c0a8e522309ba71d8106_landwu-x-pfp2x-copy-2-p-800-1tron-20240821031844-vi4y1.png]
[w.ladicdn.com/v4/source/ladipagev3.min2cd2.js]
[w.ladicdn.com/s400x400/63b3d7bebcd4e8001229d39c/6689c0a8e522309ba71d8106_landwu-x-pfp2x-copy-2-p-800-1tron-20240821031844-vi4y1.png]
[w.ladicdn.com/s1200x1300/63b3d7bebcd4e8001229d39c/3v3wj3hcdqoc1-1-20240523015617-xfl9k-1-20240821030959-rzr7p.png]
[w.ladicdn.com/s400x400/63b3d7bebcd4e8001229d39c/telegram-1-20240807065153-lsl34.png]
[w.ladicdn.com/s400x400/63b3d7bebcd4e8001229d39c/dexcreencelogo-20240807065505-86fdu.png]
[w.ladicdn.com/s400x400/63b3d7bebcd4e8001229d39c/dextoollogo-20240807065645-ekly3.png]
[w.ladicdn.com/s400x400/63b3d7bebcd4e8001229d39c/x-20240821031433-hi5qh.png]
[w.ladicdn.com/s400x400/63b3d7bebcd4e8001229d39c/dextoollogo-1-20240821084434-g42li.png]
[w.ladicdn.com/s1200x1200/63b3d7bebcd4e8001229d39c/image_2024-08-21_09-52-05-1-20240821031008-hkboe.png]
[w.ladicdn.com/s450x450/63b3d7bebcd4e8001229d39c/untitled-design-2023-03-30t212906_738-1frtrer-20240522062117-dupcg-1-20240821032352-pndxq.png]
[w.ladicdn.com/s950x950/63b3d7bebcd4e8001229d39c/666e0c4236951b6ab55b7cf1_landwumeditating-p-800-1-20240821031620-tutji.png]
[w.ladicdn.com/s450x450/63b3d7bebcd4e8001229d39c/10529-1s-20240821032944-9cx6m.png]
[w.ladicdn.com/s450x450/63b3d7bebcd4e8001229d39c/tron-3d-illustration-download-in-png-blend-fbx-gltf-file-formats-crypto-sign-symbol-miscellaneous-pack-science-technology-illustrations-341003]
[w.ladicdn.com/s550x400/63b3d7bebcd4e8001229d39c/02-2-1-20240821033024-wfd9k.png]
[w.ladicdn.com/s650x650/63b3d7bebcd4e8001229d39c/image_2024-08-21_09-51-27-1-20240821033559-d8qeb.jpg]
[w.ladicdn.com/s850x1200/63b3d7bebcd4e8001229d39c/image_2024-08-21_09-53-57-1-20240821040152-vnzge.png]
[w.ladicdn.com/s950x950/63b3d7bebcd4e8001229d39c/girhhtiayaal6yw-1-20240523015512-51jcn-1-20240821040658-qyngd.png]
[w.ladicdn.com/s650x650/63b3d7bebcd4e8001229d39c/gu4_42yxgaax9x7-1-20240821033615-6zddl.jpg]
[w.ladicdn.com/s650x650/63b3d7bebcd4e8001229d39c/image_2024-08-21_09-57-04-1-20240821034420-oygxr.jpg]
[w.ladicdn.com/s550x600/63b3d7bebcd4e8001229d39c/3v3wj3hcdqoc1-1-20240523015617-xfl9k-1-20240821030959-rzr7p.png]
[w.ladicdn.com/s550x400/63b3d7bebcd4e8001229d39c/6689c0a8e522309ba71d8106_landwu-x-pfp2x-copy-2-p-800-1tron-20240821031844-vi4y1.png]
[w.ladicdn.com/s350x350/63b3d7bebcd4e8001229d39c/telegram-1-20240807065153-lsl34.png]
[w.ladicdn.com/s350x350/63b3d7bebcd4e8001229d39c/dexcreencelogo-20240807065505-86fdu.png]
[w.ladicdn.com/s650x650/63b3d7bebcd4e8001229d39c/image_2024-08-21_09-52-05-1-20240821031008-hkboe.png]
[w.ladicdn.com/s350x350/63b3d7bebcd4e8001229d39c/x-20240821031433-hi5qh.png]
[w.ladicdn.com/s350x350/63b3d7bebcd4e8001229d39c/dextoollogo-20240807065645-ekly3.png]
[w.ladicdn.com/s350x350/63b3d7bebcd4e8001229d39c/dextoollogo-1-20240821084434-g42li.png]
[w.ladicdn.com/s400x400/63b3d7bebcd4e8001229d39c/untitled-design-2023-03-30t212906_738-1frtrer-20240522062117-dupcg-1-20240821032352-pndxq.png]
[w.ladicdn.com/s650x650/63b3d7bebcd4e8001229d39c/666e0c4236951b6ab55b7cf1_landwumeditating-p-800-1-20240821031620-tutji.png]
[w.ladicdn.com/s400x400/63b3d7bebcd4e8001229d39c/10529-1s-20240821032944-9cx6m.png]
[w.ladicdn.com/s400x400/63b3d7bebcd4e8001229d39c/tron-3d-illustration-download-in-png-blend-fbx-gltf-file-formats-crypto-sign-symbol-miscellaneous-pack-science-technology-illustrations-341003]
[w.ladicdn.com/s400x350/63b3d7bebcd4e8001229d39c/02-2-1-20240821033024-wfd9k.png]
[w.ladicdn.com/s500x550/63b3d7bebcd4e8001229d39c/girhhtiayaal6yw-1-20240523015512-51jcn-1-20240821040658-qyngd.png]
[w.ladicdn.com/s450x450/63b3d7bebcd4e8001229d39c/image_2024-08-21_09-51-27-1-20240821033559-d8qeb.jpg]
[w.ladicdn.com/s450x450/63b3d7bebcd4e8001229d39c/gu4_42yxgaax9x7-1-20240821033615-6zddl.jpg]
[w.ladicdn.com/s500x600/63b3d7bebcd4e8001229d39c/image_2024-08-21_09-53-57-1-20240821040152-vnzge.png]
[www.tronlandwolf.vip/index.html]
[w.ladicdn.com/s450x450/63b3d7bebcd4e8001229d39c/image_2024-08-21_09-57-04-1-20240821034420-oygxr.jpg]
